<?xml version="1.0" encoding="UTF-8"?>
<!-- Generated by org.testng.reporters.JUnitReportReporter -->
<testsuite skipped="0" hostname="DESKTOP-5A457IG" name="org.example.testRunner.runners" tests="19" failures="2" timestamp="2022-08-17T03:33:52 EEST" time="287.254" errors="1">
  <testcase name="runScenario" time="23.799" classname="org.example.testRunner.runners"/>
  <system-out/>
  <testcase name="runScenario" time="10.269" classname="org.example.testRunner.runners"/>
  <system-out/>
  <testcase name="runScenario" time="12.701" classname="org.example.testRunner.runners"/>
  <system-out/>
  <testcase name="runScenario" time="13.378" classname="org.example.testRunner.runners"/>
  <system-out/>
  <testcase name="runScenario" time="9.726" classname="org.example.testRunner.runners">
    <failure type="java.lang.AssertionError" message="Error:URL Mismatch expected [https://demo.nopcommerce.com/nokia-lumia-1020] but found [https://demo.nopcommerce.com/]">
      <![CDATA[java.lang.AssertionError: Error:URL Mismatch expected [https://demo.nopcommerce.com/nokia-lumia-1020] but found [https://demo.nopcommerce.com/]
at org.testng.Assert.fail(Assert.java:110)
at org.testng.Assert.failNotEquals(Assert.java:1413)
at org.testng.Assert.assertEqualsImpl(Assert.java:149)
at org.testng.Assert.assertEquals(Assert.java:131)
at org.testng.Assert.assertEquals(Assert.java:655)
at org.example.stepDefs.D13_HomeSlidersStepDef.checkLumiaPageAccessible(D13_HomeSlidersStepDef.java:21)
at ✽.user opens Lumia product successfully(file:///D:/workset/EcommerceAutomation/src/main/resources/features/F13_HomeSliders.feature:8)
]]>
    </failure>
  </testcase> <!-- runScenario -->
  <system-out/>
  <testcase name="runScenario" time="21.837" classname="org.example.testRunner.runners"/>
  <system-out/>
  <testcase name="runScenario" time="12.853" classname="org.example.testRunner.runners"/>
  <system-out/>
  <testcase name="runScenario" time="8.225" classname="org.example.testRunner.runners"/>
  <system-out/>
  <testcase name="runScenario" time="11.141" classname="org.example.testRunner.runners"/>
  <system-out/>
  <testcase name="runScenario" time="25.984" classname="org.example.testRunner.runners"/>
  <system-out/>
  <testcase name="runScenario" time="18.773" classname="org.example.testRunner.runners"/>
  <system-out/>
  <testcase name="runScenario" time="9.747" classname="org.example.testRunner.runners">
    <error type="org.openqa.selenium.TimeoutException" message="Expected condition failed: waiting for number of open windows to be 2 (tried for 3 second(s) with 500 milliseconds interval)
Build info: version: &#039;4.3.0&#039;, revision: &#039;a4995e2c09*&#039;
System info: host: &#039;DESKTOP-5A457IG&#039;, ip: &#039;192.168.153.1&#039;, os.name: &#039;Windows 8.1&#039;, os.arch: &#039;amd64&#039;, os.version: &#039;6.3&#039;, java.version: &#039;1.8.0_11&#039;
Driver info: org.openqa.selenium.chrome.ChromeDriver
Capabilities {acceptInsecureCerts: false, browserName: chrome, browserVersion: 104.0.5112.81, chrome: {chromedriverVersion: 104.0.5112.79 (3cf3e8c8a07d..., userDataDir: C:\Users\TOSHIBA\AppData\Lo...}, goog:chromeOptions: {debuggerAddress: localhost:61115}, networkConnectionEnabled: false, pageLoadStrategy: normal, platformName: WINDOWS, proxy: Proxy(), se:cdp: ws://localhost:61115/devtoo..., se:cdpVersion: 104.0.5112.81, setWindowRect: true, strictFileInteractability: false, timeouts: {implicit: 0, pageLoad: 300000, script: 30000}, unhandledPromptBehavior: dismiss and notify, webauthn:extension:credBlob: true, webauthn:extension:largeBlob: true, webauthn:virtualAuthenticators: true}
Session ID: ab606affe6d977f8263fb0aba9c63cf6">
      <![CDATA[org.openqa.selenium.TimeoutException: Expected condition failed: waiting for number of open windows to be 2 (tried for 3 second(s) with 500 milliseconds interval)
Build info: version: '4.3.0', revision: 'a4995e2c09*'
System info: host: 'DESKTOP-5A457IG', ip: '192.168.153.1', os.name: 'Windows 8.1', os.arch: 'amd64', os.version: '6.3', java.version: '1.8.0_11'
Driver info: org.openqa.selenium.chrome.ChromeDriver
Capabilities {acceptInsecureCerts: false, browserName: chrome, browserVersion: 104.0.5112.81, chrome: {chromedriverVersion: 104.0.5112.79 (3cf3e8c8a07d..., userDataDir: C:\Users\TOSHIBA\AppData\Lo...}, goog:chromeOptions: {debuggerAddress: localhost:61115}, networkConnectionEnabled: false, pageLoadStrategy: normal, platformName: WINDOWS, proxy: Proxy(), se:cdp: ws://localhost:61115/devtoo..., se:cdpVersion: 104.0.5112.81, setWindowRect: true, strictFileInteractability: false, timeouts: {implicit: 0, pageLoad: 300000, script: 30000}, unhandledPromptBehavior: dismiss and notify, webauthn:extension:credBlob: true, webauthn:extension:largeBlob: true, webauthn:virtualAuthenticators: true}
Session ID: ab606affe6d977f8263fb0aba9c63cf6
at org.openqa.selenium.support.ui.WebDriverWait.timeoutException(WebDriverWait.java:87)
at org.openqa.selenium.support.ui.FluentWait.until(FluentWait.java:231)
at org.example.stepDefs.D14_FollowUsStepDef.checkRSSAccessed(D14_FollowUsStepDef.java:87)
at ✽.RSS is accessed successfully(file:///D:/workset/EcommerceAutomation/src/main/resources/features/F14_FollowUs.feature:22)
]]>
    </error>
  </testcase> <!-- runScenario -->
  <system-out/>
  <testcase name="runScenario" time="14.766" classname="org.example.testRunner.runners"/>
  <system-out/>
  <testcase name="runScenario" time="10.644" classname="org.example.testRunner.runners"/>
  <system-out/>
  <testcase name="runScenario" time="13.976" classname="org.example.testRunner.runners"/>
  <system-out/>
  <testcase name="runScenario" time="24.522" classname="org.example.testRunner.runners"/>
  <system-out/>
  <testcase name="runScenario" time="15.799" classname="org.example.testRunner.runners"/>
  <system-out/>
  <testcase name="runScenario" time="16.140" classname="org.example.testRunner.runners"/>
  <system-out/>
  <testcase name="runScenario" time="12.974" classname="org.example.testRunner.runners">
    <failure type="java.lang.AssertionError" message="Error:URL Mismatch expected [https://demo.nopcommerce.com/iphone-6] but found [https://demo.nopcommerce.com/]">
      <![CDATA[java.lang.AssertionError: Error:URL Mismatch expected [https://demo.nopcommerce.com/iphone-6] but found [https://demo.nopcommerce.com/]
at org.testng.Assert.fail(Assert.java:110)
at org.testng.Assert.failNotEquals(Assert.java:1413)
at org.testng.Assert.assertEqualsImpl(Assert.java:149)
at org.testng.Assert.assertEquals(Assert.java:131)
at org.testng.Assert.assertEquals(Assert.java:655)
at org.example.stepDefs.D13_HomeSlidersStepDef.checkiPhonePageAccessible(D13_HomeSlidersStepDef.java:33)
at ✽.user opens iPhone product successfully(file:///D:/workset/EcommerceAutomation/src/main/resources/features/F13_HomeSliders.feature:12)
]]>
    </failure>
  </testcase> <!-- runScenario -->
  <system-out/>
</testsuite> <!-- org.example.testRunner.runners -->
